<?xml version="1.0" encoding="UTF-8"?>
<!-- Generated by org.testng.reporters.JUnitReportReporter -->
<testsuite hostname="Deepak" failures="0" tests="1" name="testCases.TC_AccontRegistrationTest" time="3.690" errors="0" timestamp="2024-09-16T00:36:26 IST" skipped="0">
  <testcase classname="testCases.TC_AccontRegistrationTest" name="verfiy_account_registation" time="3.690"/>
</testsuite> <!-- testCases.TC_AccontRegistrationTest -->
