<?xml version="1.0" encoding="UTF-8"?>
<!-- Generated by org.testng.reporters.JUnitReportReporter -->
<testsuite hostname="Deepak" failures="0" tests="1" name="testBase.TC_AccontRegistrationTest" time="7.334" errors="0" timestamp="2024-09-09T00:04:53 IST" skipped="0">
  <testcase classname="testBase.TC_AccontRegistrationTest" name="verfiy_account_registation" time="7.334"/>
</testsuite> <!-- testBase.TC_AccontRegistrationTest -->
