<?xml version="1.0" encoding="UTF-8"?>
<!-- Generated by org.testng.reporters.JUnitReportReporter -->
<testsuite hostname="Deepak" failures="0" tests="5" name="testCases.TC_003_LoginDDT" time="49.107" errors="0" timestamp="2024-09-16T00:19:14 IST" skipped="0">
  <testcase classname="testCases.TC_003_LoginDDT" name="verify_loginDDT" time="2.066"/>
  <testcase classname="testCases.TC_003_LoginDDT" name="verify_loginDDT" time="11.306"/>
  <testcase classname="testCases.TC_003_LoginDDT" name="verify_loginDDT" time="11.558"/>
  <testcase classname="testCases.TC_003_LoginDDT" name="verify_loginDDT" time="12.453"/>
  <testcase classname="testCases.TC_003_LoginDDT" name="verify_loginDDT" time="11.724"/>
</testsuite> <!-- testCases.TC_003_LoginDDT -->
